{
  "RSpec": {
    "coverage": {
      "/Users/tarasmatiiv/Projects/higo/app/controllers/v1/account/class_rooms_controller.rb": {
        "lines": [
          1,
          1,
          1,
          1,
          1,
          null,
          1,
          null,
          null,
          1,
          2,
          2,
          null,
          0,
          null,
          null,
          1,
          0,
          0,
          null,
          0,
          0,
          null,
          0,
          null,
          null,
          null,
          1,
          0,
          null,
          0,
          null,
          null,
          1,
          null,
          1,
          0,
          null,
          null,
          1,
          3,
          null,
          null,
          null,
          null
        ]
      },
      "/Users/tarasmatiiv/Projects/higo/app/controllers/v1/account/account_controller.rb": {
        "lines": [
          1,
          1,
          1,
          1,
          null,
          1,
          1,
          null,
          1,
          null,
          1,
          null,
          1,
          null,
          1,
          6,
          6,
          null,
          0,
          null,
          null,
          null,
          1,
          4,
          null,
          null,
          null,
          null
        ]
      },
      "/Users/tarasmatiiv/Projects/higo/spec/controllers/account/tasks_controller_spec.rb": {
        "lines": [
          1,
          null,
          1,
          4,
          null,
          1,
          3,
          null,
          null,
          1,
          1,
          1,
          1,
          1,
          0,
          null,
          null,
          null,
          null,
          1,
          1,
          1,
          null,
          1,
          1,
          null,
          null,
          1,
          1,
          null,
          1,
          null,
          null,
          null
        ]
      },
      "/Users/tarasmatiiv/Projects/higo/app/controllers/v1/account/tasks_controller.rb": {
        "lines": [
          null,
          1,
          1,
          1,
          1,
          1,
          null,
          1,
          null,
          null,
          1,
          2,
          null,
          null,
          1,
          null,
          null,
          1,
          null,
          null,
          1,
          null,
          1,
          3,
          null,
          null,
          null,
          null
        ]
      },
      "/Users/tarasmatiiv/Projects/higo/app/models/user_room.rb": {
        "lines": [
          1,
          1,
          1,
          null,
          1,
          1,
          null,
          1,
          1,
          1,
          null,
          1,
          0,
          0,
          null,
          null,
          null
        ]
      },
      "/Users/tarasmatiiv/Projects/higo/app/models/class_room.rb": {
        "lines": [
          1,
          1,
          1,
          1,
          1,
          1,
          1,
          null,
          1,
          1,
          null,
          1,
          1,
          null,
          null
        ]
      },
      "/Users/tarasmatiiv/Projects/higo/app/models/mark.rb": {
        "lines": [
          1,
          1,
          1,
          null
        ]
      },
      "/Users/tarasmatiiv/Projects/higo/app/models/task.rb": {
        "lines": [
          1,
          1,
          1,
          1,
          null
        ]
      },
      "/Users/tarasmatiiv/Projects/higo/app/serializers/task_serializer.rb": {
        "lines": [
          1,
          1,
          null,
          1,
          null,
          null
        ]
      }
    },
    "timestamp": 1641720240
  }
}
